2025-05-23 22:21:14 - ERROR - Error al conectar a la base de datos: 'utf-8' codec can't decode byte 0xf3 in position 85: invalid continuation byte
2025-05-23 22:22:50 - ERROR - Error al conectar a la base de datos: 'utf-8' codec can't decode byte 0xf3 in position 85: invalid continuation byte
2025-05-23 22:23:56 - ERROR - Error al conectar a la base de datos: 'utf-8' codec can't decode byte 0xf3 in position 85: invalid continuation byte
2025-05-23 22:29:14 - ERROR - Error al conectar a la base de datos: 'utf-8' codec can't decode byte 0xf3 in position 85: invalid continuation byte
2025-05-23 22:29:20 - ERROR - Error al conectar a la base de datos: 'utf-8' codec can't decode byte 0xf3 in position 85: invalid continuation byte
2025-05-23 22:29:38 - ERROR - Error al conectar a la base de datos: 'utf-8' codec can't decode byte 0xf3 in position 85: invalid continuation byte
2025-05-23 22:30:05 - ERROR - Error al conectar a la base de datos: 'utf-8' codec can't decode byte 0xf3 in position 85: invalid continuation byte
2025-05-23 22:30:17 - ERROR - Error al conectar a la base de datos: 'utf-8' codec can't decode byte 0xf3 in position 85: invalid continuation byte
2025-05-23 22:59:38 - ERROR - Error al crear la tabla de usuarios: 1064 (42000): You have an error in your SQL syntax; check the manual that corresponds to your MySQL server version for the right syntax to use near ')' at line 6
2025-05-23 22:59:43 - ERROR - Error al crear la tabla de usuarios: 1064 (42000): You have an error in your SQL syntax; check the manual that corresponds to your MySQL server version for the right syntax to use near ')' at line 6
2025-05-23 23:00:16 - ERROR - Error al crear la tabla de Documentos: 1064 (42000): You have an error in your SQL syntax; check the manual that corresponds to your MySQL server version for the right syntax to use near ')' at line 6
2025-05-23 23:00:19 - ERROR - Error al crear la tabla de Documentos: 1046 (3D000): No database selected
2025-05-23 23:01:04 - ERROR - Error al crear la tabla de Documentos: 1046 (3D000): No database selected
2025-05-23 23:39:45 - ERROR - Error al conectar a la pagina web: 'Logger' object has no attribute 'ingo'
2025-05-24 00:18:05 - ERROR - Error al conectar a la pagina web: 'ConexionPagina' object has no attribute 'headers'
2025-05-24 03:05:29 - ERROR - Error al conectar a la base de datos: 2003 (HY000): Can't connect to MySQL server on 'localhost:3306' (10061)
2025-05-24 03:05:29 - ERROR - Error al crear la base de datos: 'NoneType' object has no attribute 'cursor'
2025-05-24 03:09:58 - ERROR - Error al conectar a la base de datos: 2003 (HY000): Can't connect to MySQL server on 'localhost:3306' (10061)
2025-05-24 03:09:58 - ERROR - Error al crear la base de datos: 'NoneType' object has no attribute 'cursor'
2025-05-24 03:10:26 - ERROR - Error al conectar a la base de datos: 2003 (HY000): Can't connect to MySQL server on 'localhost:3306' (10061)
2025-05-24 03:10:26 - ERROR - Error al crear la base de datos: 'NoneType' object has no attribute 'cursor'
2025-05-24 03:12:46 - ERROR - Error al conectar a la base de datos: 2003 (HY000): Can't connect to MySQL server on 'localhost:3306' (10061)
2025-05-24 03:12:50 - ERROR - Error al conectar a la base de datos: 2003 (HY000): Can't connect to MySQL server on 'localhost:3306' (10061)
2025-05-24 03:12:50 - ERROR - Error al crear la base de datos: 'NoneType' object has no attribute 'cursor'
2025-05-24 10:55:54 - ERROR - Error al conectar a la base de datos: 1045 (28000): Access denied for user 'root'@'localhost' (using password: YES)
2025-05-24 10:55:56 - ERROR - Error al conectar a la base de datos: 1045 (28000): Access denied for user 'root'@'localhost' (using password: YES)
2025-05-24 10:55:56 - ERROR - Error al crear la base de datos: 'NoneType' object has no attribute 'cursor'
2025-05-24 10:56:41 - ERROR - Error al conectar a la base de datos: 1045 (28000): Access denied for user 'root'@'localhost' (using password: YES)
2025-05-24 10:56:42 - ERROR - Error al conectar a la base de datos: 1045 (28000): Access denied for user 'root'@'localhost' (using password: YES)
2025-05-24 10:56:42 - ERROR - Error al crear la base de datos: 'NoneType' object has no attribute 'cursor'
